EUR_JPY
read cache
times 1
times 3
2019-01-31T16:27:11 2006-01-09T05:23:45 0.98 1.34,[429 246 183 874 859]
2019-01-31T16:30:25 2006-01-16T05:24:05 0.95 1.19,[427 232 195 937 887]
2019-01-31T16:33:09 2006-01-23T05:24:30 0.95 1.24,[509 282 227 919 874]
2019-01-31T16:35:53 2006-01-30T05:24:50 0.94 1.65,[545 339 205 1029 968]
2019-01-31T16:38:33 2006-02-06T05:26:05 0.93 1.79,[503 323 180 1011 942]
2019-01-31T16:41:08 2006-02-13T05:26:10 0.94 1.21,[500 274 226 944 884]
times 4
2019-01-31T16:43:54 2006-02-20T05:30:20 0.93 1.35,[454 261 193 892 833]
2019-01-31T16:45:45 2006-02-27T05:30:40 0.93 1.16,[315 169 146 644 601]
2019-01-31T16:48:18 2006-03-06T05:30:45 0.92 1.06,[463 238 225 884 817]
2019-01-31T16:50:56 2006-03-13T05:30:45 0.94 1.27,[407 228 179 832 782]
times 5
2019-01-31T16:52:59 2006-03-20T05:30:45 0.92 1.38,[326 189 137 664 613]
2019-01-31T16:55:34 2006-03-27T05:31:35 0.92 1.42,[411 241 170 835 767]
2019-01-31T16:58:16 2006-04-03T05:31:50 0.94 1.47,[470 280 190 975 914]
2019-01-31T17:00:48 2006-04-10T05:31:55 0.92 1.31,[547 310 237 1024 945]
2019-01-31T17:02:51 2006-04-17T05:32:05 0.93 1.32,[378 215 163 713 663]
2019-01-31T17:05:40 2006-04-24T05:32:05 0.94 1.61,[491 303 188 961 904]
2019-01-31T17:07:46 2006-05-01T05:32:05 0.92 1.70,[365 230 135 684 630]
2019-01-31T17:09:34 2006-05-08T05:32:05 0.94 1.13,[328 174 154 650 613]
2019-01-31T17:12:39 2006-05-15T05:32:10 0.93 1.40,[493 288 205 995 926]
2019-01-31T17:15:39 2006-05-22T05:33:05 0.93 1.08,[545 283 262 1077 1006]
2019-01-31T17:19:17 2006-05-29T05:34:40 0.94 1.23,[610 337 273 1154 1090]
2019-01-31T17:21:50 2006-06-05T05:34:40 0.93 1.53,[397 240 157 824 764]
2019-01-31T17:24:18 2006-06-12T05:34:40 0.90 1.12,[325 172 153 781 704]
2019-01-31T17:26:35 2006-06-19T05:34:45 0.91 1.60,[401 247 154 783 712]
2019-01-31T17:28:45 2006-06-26T05:35:10 0.92 1.56,[377 230 147 718 662]
2019-01-31T17:30:58 2006-07-03T05:35:15 0.92 1.31,[408 231 177 782 716]
2019-01-31T17:33:15 2006-07-10T05:35:35 0.93 1.29,[368 207 161 781 730]
2019-01-31T17:35:46 2006-07-17T05:35:40 0.94 1.10,[404 212 192 856 804]
2019-01-31T17:37:42 2006-07-24T05:35:50 0.93 1.30,[318 180 138 607 564]
2019-01-31T17:40:21 2006-07-31T05:36:00 0.91 1.68,[378 237 141 799 730]
2019-01-31T17:42:39 2006-08-07T05:36:05 0.94 1.10,[340 178 162 716 673]
2019-01-31T17:44:23 2006-08-14T05:36:15 0.93 1.29,[270 152 118 553 514]
2019-01-31T17:46:28 2006-08-21T05:36:20 0.92 1.52,[320 193 127 652 603]
2019-01-31T17:47:46 2006-08-28T05:36:45 0.90 1.44,[217 128 89 424 383]
2019-01-31T17:49:33 2006-09-04T05:37:25 0.94 1.16,[279 150 129 575 539]
2019-01-31T17:51:16 2006-09-11T05:37:25 0.94 1.27,[315 176 139 601 565]
2019-01-31T17:53:29 2006-09-18T05:37:30 0.94 1.30,[364 206 158 741 696]
2019-01-31T17:55:34 2006-09-25T05:38:05 0.93 1.23,[334 184 150 717 668]
2019-01-31T17:57:34 2006-10-02T05:38:05 0.94 1.28,[356 200 156 677 633]
2019-01-31T17:59:26 2006-10-09T05:38:30 0.93 1.75,[283 180 103 616 575]
2019-01-31T18:01:18 2006-10-16T05:38:35 0.94 1.69,[312 196 116 660 618]
2019-01-31T18:03:07 2006-10-23T05:38:40 0.93 1.37,[292 169 123 564 522]
2019-01-31T18:04:47 2006-10-30T05:38:40 0.93 1.24,[258 143 115 536 501]
2019-01-31T18:06:43 2006-11-06T05:38:40 0.92 1.27,[304 170 134 586 542]
2019-01-31T18:08:19 2006-11-13T05:39:00 0.94 1.26,[258 144 114 512 482]
2019-01-31T18:09:57 2006-11-20T05:39:00 0.93 1.62,[257 159 98 501 467]
2019-01-31T18:11:32 2006-11-27T05:39:00 0.94 1.08,[268 139 129 497 466]
2019-01-31T18:12:12 2006-12-04T05:39:45 0.97 1.00,[60 30 30 144 140]
2019-01-31T18:14:24 2006-12-11T05:39:50 0.93 1.18,[332 180 152 665 616]
2019-01-31T18:16:35 2006-12-18T05:41:50 0.93 1.07,[350 181 169 682 631]
times 6
2019-01-31T18:18:47 2006-12-25T05:42:30 0.94 1.28,[349 196 153 654 617]
2019-01-31T18:20:06 2007-01-02T05:36:10 0.94 1.35,[174 100 74 399 374]
times 8
2019-01-31T18:22:11 2007-01-09T05:36:15 0.96 1.14,[344 183 160 627 605]
2019-01-31T18:24:13 2007-01-16T05:36:20 0.94 1.20,[334 183 152 651 615]
2019-01-31T18:25:59 2007-01-23T05:36:30 0.95 1.15,[297 159 138 561 533]
2019-01-31T18:27:38 2007-01-30T05:36:30 0.97 0.88,[306 143 163 565 546]
2019-01-31T18:29:17 2007-02-06T05:36:30 0.95 0.85,[268 123 145 520 495]
2019-01-31T18:29:55 2007-02-13T05:36:55 0.94 0.88,[77 36 41 178 168]
2019-01-31T18:31:22 2007-02-20T05:37:05 0.95 0.85,[230 106 124 498 473]
2019-01-31T18:33:15 2007-02-27T05:37:10 0.94 1.09,[270 141 129 594 558]
2019-01-31T18:35:42 2007-03-06T05:37:10 0.97 0.70,[414 171 243 873 844]
2019-01-31T18:38:30 2007-03-13T05:37:45 0.97 0.79,[470 208 262 978 948]
2019-01-31T18:41:51 2007-03-20T05:38:00 0.96 0.91,[614 292 320 1152 1108]
2019-01-31T18:43:46 2007-03-27T05:38:05 0.95 0.90,[347 165 184 651 619]
2019-01-31T18:46:15 2007-04-03T05:38:25 0.96 0.86,[432 199 231 865 828]
2019-01-31T18:48:00 2007-04-10T05:38:25 0.94 1.00,[284 143 143 523 492]
2019-01-31T18:50:15 2007-04-17T05:38:25 0.96 0.97,[320 157 162 646 618]
2019-01-31T18:52:49 2007-04-24T05:38:30 0.97 0.89,[413 195 219 774 747]
2019-01-31T18:55:03 2007-05-01T05:38:30 0.96 0.96,[305 149 156 658 633]
2019-01-31T18:56:41 2007-05-08T05:38:40 0.93 1.16,[253 136 117 485 451]
2019-01-31T18:57:55 2007-05-15T05:38:50 0.96 1.36,[212 122 90 414 396]
2019-01-31T18:59:41 2007-05-22T05:39:15 0.94 1.27,[266 149 117 530 497]
2019-01-31T19:01:09 2007-05-29T05:39:40 0.94 0.79,[240 106 134 475 447]
2019-01-31T19:03:13 2007-06-05T05:39:50 0.94 1.03,[290 147 143 572 536]
2019-01-31T19:05:50 2007-06-12T05:39:50 0.96 0.85,[393 180 213 825 792]
2019-01-31T19:07:55 2007-06-19T05:40:15 0.95 0.94,[335 162 173 620 588]
2019-01-31T19:09:34 2007-06-26T05:40:25 0.96 1.23,[230 127 103 471 452]
2019-01-31T19:11:40 2007-07-03T05:41:45 0.96 0.85,[311 142 168 657 628]
2019-01-31T19:13:51 2007-07-10T05:42:15 0.93 1.00,[325 163 163 630 588]
2019-01-31T19:17:02 2007-07-17T05:42:15 0.96 0.94,[478 231 245 989 946]
2019-01-31T19:19:30 2007-07-24T05:42:15 0.95 0.95,[395 193 204 804 766]
2019-01-31T19:23:50 2007-07-31T05:42:15 0.98 0.83,[778 354 424 1476 1442]
2019-01-31T19:27:54 2007-08-07T05:42:15 0.96 0.80,[667 297 370 1331 1277]
2019-01-31T19:31:18 2007-08-14T05:42:15 0.97 0.91,[589 281 308 1178 1142]
2019-01-31T19:36:04 2007-08-21T05:42:15 0.98 0.78,[971 425 546 1885 1852]
2019-01-31T19:40:20 2007-08-28T05:42:20 0.97 0.76,[678 292 386 1442 1394]
2019-01-31T19:45:07 2007-09-04T05:42:40 0.97 0.93,[815 393 422 1555 1503]
2019-01-31T19:50:14 2007-09-11T05:42:45 0.95 0.92,[747 358 388 1479 1409]
2019-01-31T19:55:00 2007-09-18T05:42:45 0.96 1.06,[699 361 339 1408 1352]
2019-01-31T19:59:13 2007-09-25T05:42:45 0.97 1.26,[588 327 259 1275 1241]
2019-01-31T20:03:32 2007-10-02T05:42:55 0.95 1.07,[637 330 309 1276 1211]
2019-01-31T20:07:27 2007-10-09T05:43:40 0.96 1.12,[496 262 234 973 934]
2019-01-31T20:10:25 2007-10-16T05:43:55 0.96 0.80,[388 172 216 830 799]
2019-01-31T20:15:12 2007-10-23T05:43:55 0.97 0.86,[835 387 448 1626 1576]
2019-01-31T20:18:45 2007-10-30T05:43:55 0.98 0.75,[571 244 327 1142 1114]
2019-01-31T20:23:40 2007-11-06T05:43:55 0.97 0.98,[695 343 351 1426 1379]
2019-01-31T20:29:29 2007-11-13T05:43:55 0.97 0.93,[820 396 425 1719 1661]
2019-01-31T20:35:38 2007-11-20T05:43:55 0.97 0.71,[811 338 473 1660 1614]
2019-01-31T20:41:19 2007-11-27T05:43:55 0.96 0.95,[751 365 386 1515 1455]
2019-01-31T20:47:22 2007-12-04T05:43:55 0.97 0.85,[715 329 386 1574 1529]
2019-01-31T20:52:35 2007-12-11T05:43:55 0.96 0.83,[603 274 329 1244 1196]
2019-01-31T20:57:42 2007-12-18T05:43:55 0.95 0.93,[616 296 320 1281 1213]
2019-01-31T21:02:01 2007-12-25T05:44:10 0.96 1.03,[436 221 215 935 894]
2019-01-31T21:03:41 2008-01-01T05:44:55 0.98 0.85,[202 93 109 415 405]
2019-01-31T21:07:14 2008-01-08T05:45:00 0.96 0.83,[451 205 246 1000 963]
2019-01-31T21:13:13 2008-01-15T05:45:00 0.97 0.88,[774 363 411 1619 1575]
2019-01-31T21:19:52 2008-01-22T05:45:30 0.97 0.71,[863 358 504 1783 1723]
2019-01-31T21:26:10 2008-01-29T05:45:30 0.97 0.82,[889 400 490 1805 1749]
2019-01-31T21:31:47 2008-02-05T05:45:30 0.97 0.92,[625 299 325 1303 1258]
2019-01-31T21:37:46 2008-02-12T05:45:30 0.96 0.89,[664 313 351 1380 1324]
2019-01-31T21:43:43 2008-02-19T05:45:55 0.95 1.10,[557 291 264 1136 1080]
2019-01-31T21:51:00 2008-02-26T05:46:00 0.97 0.98,[720 357 365 1458 1407]
times 9
2019-01-31T21:58:12 2008-03-04T05:46:00 0.96 0.96,[712 349 363 1501 1438]
2019-01-31T22:05:23 2008-03-11T05:46:20 0.96 1.06,[827 426 400 1714 1647]
times 14
2019-01-31T22:12:54 2008-03-18T05:46:20 0.98 0.84,[943 430 514 1922 1877]
2019-01-31T22:17:57 2008-03-25T05:46:20 0.97 0.93,[618 297 320 1234 1202]
2019-01-31T22:26:14 2008-04-01T05:46:20 0.97 1.00,[829 414 416 1741 1681]
2019-01-31T22:32:41 2008-04-08T05:46:20 0.97 1.02,[592 298 293 1347 1300]
2019-01-31T22:41:04 2008-04-15T05:46:25 0.96 0.98,[749 371 379 1656 1593]
2019-01-31T22:49:09 2008-04-22T05:46:35 0.96 1.00,[702 351 350 1461 1396]
2019-01-31T22:56:05 2008-04-29T05:46:40 0.95 1.06,[654 337 318 1302 1241]
2019-01-31T23:02:48 2008-05-06T05:47:00 0.96 1.01,[552 278 274 1118 1071]
2019-01-31T23:08:57 2008-05-13T05:47:00 0.97 0.91,[618 295 323 1243 1200]
2019-01-31T23:15:14 2008-05-20T05:47:05 0.96 1.13,[512 272 240 1168 1122]
2019-01-31T23:22:32 2008-05-27T05:47:40 0.95 1.09,[624 326 298 1227 1170]
2019-01-31T23:28:10 2008-06-03T05:47:40 0.96 1.07,[549 284 265 1105 1064]
2019-01-31T23:33:35 2008-06-10T05:48:15 0.96 0.94,[576 278 297 1222 1175]
2019-01-31T23:38:52 2008-06-17T05:48:35 0.96 1.40,[490 286 205 1035 995]
times 16
2019-01-31T23:44:23 2008-06-24T05:48:45 0.94 1.07,[502 257 241 972 917]
2019-01-31T23:48:32 2008-07-01T05:48:45 0.96 1.00,[405 205 204 843 810]
2019-01-31T23:53:20 2008-07-08T05:48:50 0.95 0.97,[520 256 263 1036 988]
2019-01-31T23:59:01 2008-07-15T05:48:50 0.96 1.20,[534 291 243 1092 1048]
2019-02-01T00:04:20 2008-07-22T05:48:50 0.96 1.25,[539 300 240 1151 1102]
2019-02-01T00:10:19 2008-07-29T05:48:50 0.95 1.35,[525 302 223 1034 983]
2019-02-01T00:14:06 2008-08-05T05:48:55 0.97 0.87,[446 208 238 828 801]
2019-02-01T00:17:07 2008-08-12T05:49:20 0.96 1.00,[318 159 159 653 628]
2019-02-01T00:23:13 2008-08-19T05:49:20 0.97 1.01,[556 279 277 1166 1127]
2019-02-01T00:28:22 2008-08-26T05:49:20 0.97 1.04,[509 260 249 1066 1032]
2019-02-01T00:33:56 2008-09-02T05:50:40 0.97 1.12,[529 279 249 1124 1095]
2019-02-01T00:39:56 2008-09-09T05:50:40 0.98 0.79,[661 291 368 1347 1316]
2019-02-01T00:46:54 2008-09-16T05:50:40 0.99 0.73,[768 324 446 1580 1559]
2019-02-01T00:55:11 2008-09-23T05:50:55 0.97 0.80,[716 319 397 1670 1625]
times 22
2019-02-01T01:04:21 2008-09-30T05:51:00 0.96 0.99,[753 375 378 1499 1437]
2019-02-01T01:11:23 2008-10-07T05:51:05 0.97 0.81,[705 315 389 1470 1431]
2019-02-01T01:16:58 2008-10-14T05:51:10 0.99 0.81,[714 321 394 1496 1474]
2019-02-01T01:24:41 2008-10-21T05:51:15 0.97 0.75,[724 311 413 1446 1402]
2019-02-01T01:31:19 2008-10-28T05:51:15 0.97 0.81,[740 332 408 1457 1414]
2019-02-01T01:36:36 2008-11-04T05:51:20 0.98 0.78,[684 300 383 1285 1256]
2019-02-01T01:44:45 2008-11-11T05:51:20 0.95 0.93,[660 318 343 1355 1289]
2019-02-01T01:52:58 2008-11-18T05:51:20 0.97 0.85,[681 312 369 1368 1321]
2019-02-01T02:02:05 2008-11-25T05:51:20 0.97 0.97,[639 314 325 1467 1417]
times 28
2019-02-01T02:10:55 2008-12-02T05:51:20 0.94 0.90,[565 267 298 1156 1091]
2019-02-01T02:20:08 2008-12-09T05:51:20 0.95 0.95,[572 278 294 1263 1201]
2019-02-01T02:22:43 2008-12-16T05:51:20 0.93 0.76,[229 99 130 453 423]
2019-02-01T02:27:17 2008-12-23T05:51:20 0.96 1.06,[448 231 217 932 899]
2019-02-01T02:27:21 2008-12-30T05:51:20 0.92 0.71,[12 5 7 12 11]
2019-02-01T02:30:29 2009-01-06T05:51:40 0.96 1.17,[249 134 115 507 487]
2019-02-01T02:38:00 2009-01-13T05:51:45 0.95 1.03,[500 253 246 1005 956]
2019-02-01T02:44:25 2009-01-20T05:51:50 0.97 0.80,[495 220 276 977 946]
2019-02-01T02:50:51 2009-01-27T05:51:50 0.97 0.82,[542 243 298 1146 1116]
2019-02-01T02:58:03 2009-02-03T05:51:50 0.97 0.92,[523 250 273 1086 1052]
2019-02-01T03:03:54 2009-02-10T05:51:50 0.96 0.90,[493 232 259 1009 973]
2019-02-01T03:11:45 2009-02-17T05:51:50 0.97 0.94,[577 281 299 1176 1138]
2019-02-01T03:21:17 2009-02-24T05:51:50 0.96 1.08,[533 276 255 1169 1118]
2019-02-01T03:28:17 2009-03-03T05:52:05 0.96 0.92,[538 259 281 1093 1050]
2019-02-01T03:36:59 2009-03-10T05:52:20 0.96 0.90,[589 279 310 1178 1126]
2019-02-01T03:43:36 2009-03-17T05:52:25 0.97 0.85,[528 243 285 1009 974]
2019-02-01T03:50:41 2009-03-24T05:52:25 0.94 1.08,[434 225 209 897 846]
2019-02-01T03:52:24 2009-03-31T05:52:55 0.97 0.93,[137 66 71 273 264]
2019-02-01T03:58:30 2009-04-07T05:53:15 0.97 0.79,[504 222 282 1011 980]
2019-02-01T04:03:32 2009-04-14T05:53:15 0.97 0.82,[412 186 226 798 773]
2019-02-01T04:10:23 2009-04-21T05:53:15 0.97 0.77,[512 223 289 1026 991]
2019-02-01T04:19:40 2009-04-28T05:53:20 0.96 0.91,[565 269 295 1080 1040]
2019-02-01T04:27:01 2009-05-05T05:53:20 0.95 0.86,[468 216 250 1015 967]
2019-02-01T04:34:46 2009-05-12T05:53:20 0.96 1.00,[515 259 258 1056 1011]
2019-02-01T04:42:07 2009-05-19T05:53:25 0.95 0.91,[548 261 287 1094 1041]
2019-02-01T04:50:29 2009-05-26T05:53:35 0.96 1.09,[535 279 255 1050 1004]
2019-02-01T04:59:23 2009-06-02T05:53:35 0.96 1.09,[500 261 240 1081 1034]
2019-02-01T05:04:11 2009-06-09T05:53:40 0.96 0.96,[339 165 172 682 656]
2019-02-01T05:13:43 2009-06-16T05:53:55 0.94 1.02,[508 257 253 1120 1055]
2019-02-01T05:21:39 2009-06-23T05:54:55 0.96 0.82,[559 252 307 1061 1023]
2019-02-01T05:30:03 2009-06-30T05:54:55 0.96 0.93,[493 237 255 1160 1110]
2019-02-01T05:39:06 2009-07-07T05:54:55 0.94 0.88,[413 194 220 930 877]
2019-02-01T05:46:28 2009-07-14T05:55:00 0.97 0.77,[574 250 324 1189 1158]
2019-02-01T05:53:53 2009-07-21T05:55:00 0.97 0.84,[496 226 270 1003 969]
2019-02-01T05:59:43 2009-07-28T05:55:25 0.95 0.91,[306 145 160 676 642]
2019-02-01T06:10:49 2009-08-04T05:55:25 0.96 0.79,[557 246 311 1179 1130]
2019-02-01T06:21:35 2009-08-11T05:55:30 0.95 0.94,[491 239 253 1120 1059]
2019-02-01T06:31:57 2009-08-18T05:55:35 0.96 0.81,[570 255 315 1199 1155]
2019-02-01T06:38:34 2009-08-25T05:56:00 0.95 0.82,[370 167 203 796 759]
2019-02-01T06:48:17 2009-09-01T05:56:00 0.96 0.92,[508 243 265 1059 1017]
2019-02-01T06:56:24 2009-09-08T05:56:10 0.95 0.87,[451 210 241 1001 948]
2019-02-01T07:07:10 2009-09-15T05:56:15 0.94 1.23,[524 288 235 1151 1080]
2019-02-01T07:15:18 2009-09-22T05:56:15 0.95 1.01,[441 222 220 875 835]
2019-02-01T07:25:58 2009-09-29T05:56:25 0.94 0.90,[513 243 270 1058 999]
2019-02-01T07:36:11 2009-10-06T05:57:30 0.95 1.02,[491 247 242 1032 976]
2019-02-01T07:41:26 2009-10-13T05:59:05 0.96 0.96,[316 156 162 652 625]
2019-02-01T07:47:45 2009-10-20T05:59:20 0.96 0.99,[390 194 196 762 735]
2019-02-01T07:55:07 2009-10-27T05:59:30 0.95 1.07,[363 188 175 787 750]
2019-02-01T08:02:08 2009-11-03T05:59:30 0.97 1.02,[434 219 215 949 916]
2019-02-01T08:07:57 2009-11-10T05:59:30 0.96 0.85,[413 190 223 895 857]
2019-02-01T08:15:56 2009-11-17T05:59:30 0.96 0.89,[408 192 216 898 858]
2019-02-01T08:21:28 2009-11-24T05:59:55 0.95 0.93,[337 162 175 730 695]
2019-02-01T08:29:44 2009-12-01T05:59:55 0.97 0.97,[461 227 234 992 967]
2019-02-01T08:36:19 2009-12-08T06:00:00 0.96 1.00,[454 227 227 938 900]
times 32
2019-02-01T08:43:13 2009-12-15T06:00:05 0.96 0.94,[405 196 209 907 868]
2019-02-01T08:49:02 2009-12-22T06:00:05 0.97 0.94,[353 171 182 744 724]
2019-02-01T08:52:34 2009-12-29T06:00:05 0.96 1.08,[177 92 85 393 377]
2019-02-01T08:56:36 2010-01-05T06:00:05 0.95 0.98,[212 105 107 412 390]
times 36
2019-02-01T09:05:33 2010-01-12T06:00:05 0.96 1.07,[393 203 190 867 831]
2019-02-01T09:11:19 2010-01-19T06:00:05 0.97 0.89,[340 160 180 744 718]
2019-02-01T09:21:11 2010-01-26T06:00:40 0.97 0.96,[547 268 279 1153 1116]
2019-02-01T09:29:55 2010-02-02T06:00:40 0.97 0.87,[551 256 295 1151 1118]
2019-02-01T09:39:48 2010-02-09T06:00:40 0.96 0.73,[611 258 353 1309 1262]
times 40
times 41
2019-02-01T09:52:05 2010-02-16T06:03:25 0.97 0.79,[552 243 308 1092 1056]
2019-02-01T10:03:01 2010-02-23T06:03:25 0.97 1.00,[586 292 293 1145 1113]
2019-02-01T10:14:26 2010-03-02T06:03:25 0.98 0.75,[589 254 337 1257 1236]
2019-02-01T10:25:11 2010-03-09T06:03:35 0.96 0.98,[514 255 259 1123 1079]
2019-02-01T10:34:40 2010-03-16T06:04:10 0.97 0.87,[472 220 252 971 938]
2019-02-01T10:43:22 2010-03-23T06:04:10 0.96 0.80,[456 202 254 964 928]
2019-02-01T10:53:21 2010-03-30T06:04:10 0.98 1.14,[519 276 243 1121 1097]
2019-02-01T10:57:53 2010-04-06T06:04:45 0.97 0.92,[280 134 146 604 585]
2019-02-01T11:10:58 2010-04-13T06:04:50 0.97 0.91,[601 287 314 1440 1404]
2019-02-01T11:24:08 2010-04-20T06:04:55 0.97 0.85,[676 310 366 1487 1440]
2019-02-01T11:35:31 2010-04-27T06:05:35 0.97 0.84,[575 261 311 1278 1239]
times 46
2019-02-01T11:47:30 2010-05-04T06:05:55 0.98 0.77,[558 243 317 1203 1178]
2019-02-01T11:58:21 2010-05-11T06:05:55 0.99 0.73,[690 292 399 1441 1420]
2019-02-01T12:19:09 2010-05-18T06:05:55 0.97 0.85,[801 367 433 1743 1695]
2019-02-01T12:38:33 2010-05-25T06:05:55 0.98 0.74,[995 423 572 2143 2095]
times 50
times 56
2019-02-01T13:01:33 2010-06-01T06:05:55 0.97 0.77,[804 349 456 1667 1625]
2019-02-01T13:20:02 2010-06-08T06:06:05 0.98 0.75,[852 366 486 1783 1740]
2019-02-01T13:41:30 2010-06-15T06:06:10 0.98 0.71,[777 322 454 1613 1574]
2019-02-01T13:57:45 2010-06-22T06:06:15 0.95 0.84,[675 309 366 1383 1318]
2019-02-01T14:14:33 2010-06-29T06:06:15 0.96 0.98,[649 322 328 1401 1339]
2019-02-01T14:28:55 2010-07-06T06:06:15 0.97 0.85,[643 295 348 1381 1335]
2019-02-01T14:41:02 2010-07-13T06:06:15 0.97 0.94,[547 265 282 1215 1175]
2019-02-01T14:54:24 2010-07-20T06:06:20 0.97 0.84,[553 253 300 1246 1204]
2019-02-01T15:05:40 2010-07-27T06:06:30 0.97 0.75,[562 240 322 1238 1203]
2019-02-01T15:18:24 2010-08-03T06:07:00 0.97 0.95,[517 252 265 1150 1118]
2019-02-01T15:28:15 2010-08-10T06:08:45 0.96 0.81,[468 210 258 997 956]
2019-02-01T15:39:33 2010-08-17T06:09:05 0.97 0.91,[503 239 264 1136 1107]
2019-02-01T15:50:29 2010-08-24T06:11:10 0.97 0.87,[547 255 292 1175 1139]
2019-02-01T15:58:25 2010-08-31T06:11:25 0.97 0.91,[454 216 238 955 924]
2019-02-01T16:08:28 2010-09-07T06:12:10 0.97 0.89,[475 224 251 1030 1002]
